0 info it worked if it ends with ok
1 verbose cli [ '/usr/bin/node', '/usr/bin/npm', 'install' ]
2 info using npm@1.4.28
3 info using node@v0.10.39
4 verbose node symlink /usr/bin/node
5 verbose readDependencies using package.json deps
6 verbose install where, deps [ '/home/toni/Escritorio/Miriada/proyecto_quiz/quiz',
6 verbose install   [ 'body-parser',
6 verbose install     'cookie-parser',
6 verbose install     'debug',
6 verbose install     'ejs',
6 verbose install     'express',
6 verbose install     'expres-partials',
6 verbose install     'morgan',
6 verbose install     'serve-favicon' ] ]
7 info preinstall quiz@0.0.0
8 verbose readDependencies using package.json deps
9 verbose already installed skipping cookie-parser@~1.3.5 /home/toni/Escritorio/Miriada/proyecto_quiz/quiz
10 verbose already installed skipping debug@~2.2.0 /home/toni/Escritorio/Miriada/proyecto_quiz/quiz
11 verbose already installed skipping ejs@~2.3.1 /home/toni/Escritorio/Miriada/proyecto_quiz/quiz
12 verbose already installed skipping express@~4.12.4 /home/toni/Escritorio/Miriada/proyecto_quiz/quiz
13 verbose cache add [ 'expres-partials@^0.3.0', null ]
14 verbose cache add name=undefined spec="expres-partials@^0.3.0" args=["expres-partials@^0.3.0",null]
15 verbose parsed url { protocol: null,
15 verbose parsed url   slashes: null,
15 verbose parsed url   auth: null,
15 verbose parsed url   host: null,
15 verbose parsed url   port: null,
15 verbose parsed url   hostname: null,
15 verbose parsed url   hash: null,
15 verbose parsed url   search: null,
15 verbose parsed url   query: null,
15 verbose parsed url   pathname: 'expres-partials@^0.3.0',
15 verbose parsed url   path: 'expres-partials@^0.3.0',
15 verbose parsed url   href: 'expres-partials@^0.3.0' }
16 verbose already installed skipping morgan@~1.5.3 /home/toni/Escritorio/Miriada/proyecto_quiz/quiz
17 verbose already installed skipping serve-favicon@~2.2.1 /home/toni/Escritorio/Miriada/proyecto_quiz/quiz
18 verbose already installed skipping body-parser@~1.12.4 /home/toni/Escritorio/Miriada/proyecto_quiz/quiz
19 verbose cache add name="expres-partials" spec="^0.3.0" args=["expres-partials","^0.3.0"]
20 verbose parsed url { protocol: null,
20 verbose parsed url   slashes: null,
20 verbose parsed url   auth: null,
20 verbose parsed url   host: null,
20 verbose parsed url   port: null,
20 verbose parsed url   hostname: null,
20 verbose parsed url   hash: null,
20 verbose parsed url   search: null,
20 verbose parsed url   query: null,
20 verbose parsed url   pathname: '^0.3.0',
20 verbose parsed url   path: '^0.3.0',
20 verbose parsed url   href: '^0.3.0' }
21 verbose addNamed [ 'expres-partials', '^0.3.0' ]
22 verbose addNamed [ null, '>=0.3.0-0 <0.4.0-0' ]
23 silly lockFile 07dc54de-expres-partials-0-3-0 expres-partials@^0.3.0
24 verbose lock expres-partials@^0.3.0 /home/toni/.npm/07dc54de-expres-partials-0-3-0.lock
25 silly addNameRange { name: 'expres-partials',
25 silly addNameRange   range: '>=0.3.0-0 <0.4.0-0',
25 silly addNameRange   hasData: false }
26 verbose request where is /expres-partials
27 verbose request registry https://registry.npmjs.org/
28 verbose request id 13886fda56d18c14
29 verbose url raw /expres-partials
30 verbose url resolving [ 'https://registry.npmjs.org/', './expres-partials' ]
31 verbose url resolved https://registry.npmjs.org/expres-partials
32 verbose request where is https://registry.npmjs.org/expres-partials
33 info trying registry request attempt 1 at 19:08:26
34 http GET https://registry.npmjs.org/expres-partials
35 http 404 https://registry.npmjs.org/expres-partials
36 verbose headers { server: 'CouchDB/1.5.0 (Erlang OTP/R16B03)',
36 verbose headers   'content-type': 'application/json',
36 verbose headers   'cache-control': 'max-age=0',
36 verbose headers   'content-length': '51',
36 verbose headers   'accept-ranges': 'bytes',
36 verbose headers   date: 'Tue, 30 Jun 2015 17:08:26 GMT',
36 verbose headers   via: '1.1 varnish',
36 verbose headers   age: '0',
36 verbose headers   connection: 'keep-alive',
36 verbose headers   'x-served-by': 'cache-lhr6326-LHR',
36 verbose headers   'x-cache': 'MISS',
36 verbose headers   'x-cache-hits': '0',
36 verbose headers   'x-timer': 'S1435684106.737355,VS0,VE169' }
37 silly registry.get cb [ 404,
37 silly registry.get   { server: 'CouchDB/1.5.0 (Erlang OTP/R16B03)',
37 silly registry.get     'content-type': 'application/json',
37 silly registry.get     'cache-control': 'max-age=0',
37 silly registry.get     'content-length': '51',
37 silly registry.get     'accept-ranges': 'bytes',
37 silly registry.get     date: 'Tue, 30 Jun 2015 17:08:26 GMT',
37 silly registry.get     via: '1.1 varnish',
37 silly registry.get     age: '0',
37 silly registry.get     connection: 'keep-alive',
37 silly registry.get     'x-served-by': 'cache-lhr6326-LHR',
37 silly registry.get     'x-cache': 'MISS',
37 silly registry.get     'x-cache-hits': '0',
37 silly registry.get     'x-timer': 'S1435684106.737355,VS0,VE169' } ]
38 silly lockFile 07dc54de-expres-partials-0-3-0 expres-partials@^0.3.0
39 silly lockFile 07dc54de-expres-partials-0-3-0 expres-partials@^0.3.0
40 error 404 404 Not Found: expres-partials
40 error 404
40 error 404 'expres-partials' is not in the npm registry.
40 error 404 You should bug the author to publish it
40 error 404 It was specified as a dependency of 'quiz'
40 error 404
40 error 404 Note that you can also install from a
40 error 404 tarball, folder, or http url, or git url.
41 error System Linux 3.13.0-53-generic
42 error command "/usr/bin/node" "/usr/bin/npm" "install"
43 error cwd /home/toni/Escritorio/Miriada/proyecto_quiz/quiz
44 error node -v v0.10.39
45 error npm -v 1.4.28
46 error code E404
47 verbose exit [ 1, true ]
